[Appium] Welcome to Appium v1.6.4
[Appium] Non-default server args:
[Appium]   port: 4727
[Appium] Appium REST http interface listener started on 0.0.0.0:4727
[HTTP] --> POST /wd/hub/session {"capabilities":[{"desiredCapabilities":{"app":"/Users/user/iphoneApps/Payload_2/Jacquard QA.app","noReset":true,"xcodeOrgID":"EQHXZ8M8AV","xcodeSigninID":"iPhone Developer","autoAcceptAlerts ":true,"deviceName":"User’s iPhone","wdaLocalPort":"8102","showIOSLog":false,"newCommandTimeout":"2000","platformVersion":"10.2.1","automationName":"XCUITEST","useNewWDA":true,"udid":"7b08191588aaeaab55465e973704a94febd3e4b8","platformName":"iOS"}},{"requiredCapabilities":{}}],"desiredCapabilities":{"app":"/Users/user/iphoneApps/Payload_2/Jacquard QA.app","noReset":true,"xcodeOrgID":"EQHXZ8M8AV","xcodeSigninID":"iPhone Developer","autoAcceptAlerts ":true,"deviceName":"User’s iPhone","wdaLocalPort":"8102","showIOSLog":false,"newCommandTimeout":"2000","platformVersion":"10.2.1","automationName":"XCUITEST","useNewWDA":true,"udid":"7b08191588aaeaab55465e973704a94febd3e4b8","platformName":"iOS"},"requiredCapabilities":{}}
[debug] [MJSONWP] Calling AppiumDriver.createSession() with args: [{"app":"/Users/user/iphoneApps/Payload_2/Jacquard QA.app","noReset":true,"xcodeOrgID":"EQHXZ8M8AV","xcodeSigninID":"iPhone Developer","autoAcceptAlerts ":true,"deviceName":"User’s iPhone","wdaLocalPort":"8102","showIOSLog":false,"newCommandTimeout":"2000","platformVersion":"10.2.1","automationName":"XCUITEST","useNewWDA":true,"udid":"7b08191588aaeaab55465e973704a94febd3e4b8","platformName":"iOS"},{},[{"desiredCapabilities":{"app":"/Users/user/iphoneApps/Payload_2/Jacquard QA.app","noReset":true,"xcodeOrgID":"EQHXZ8M8AV","xcodeSigninID":"iPhone Developer","autoAcceptAlerts ":true,"deviceName":"User’s iPhone","wdaLocalPort":"8102","showIOSLog":false,"newCommandTimeout":"2000","platformVersion":"10.2.1","automationName":"XCUITEST","useNewWDA":true,"udid":"7b08191588aaeaab55465e973704a94febd3e4b8","platformName":"iOS"}},{"requiredCapabilities":{}}],null,null]
[debug] [BaseDriver] Event 'newSessionRequested' logged at 1499236006435 (11:56:46 GMT+0530 (IST))
[Appium] Creating new XCUITestDriver (v2.27.2) session
[Appium] Capabilities:
[Appium]   app: '/Users/user/iphoneApps/Payload_2/Jacquard QA.app'
[Appium]   noReset: true
[Appium]   xcodeOrgID: 'EQHXZ8M8AV'
[Appium]   xcodeSigninID: 'iPhone Developer'
[Appium]   autoAcceptAlerts : true
[Appium]   deviceName: 'User’s iPhone'
[Appium]   wdaLocalPort: '8102'
[Appium]   showIOSLog: false
[Appium]   newCommandTimeout: '2000'
[Appium]   platformVersion: '10.2.1'
[Appium]   automationName: 'XCUITEST'
[Appium]   useNewWDA: true
[Appium]   udid: '7b08191588aaeaab55465e973704a94febd3e4b8'
[Appium]   platformName: 'iOS'
[debug] [XCUITest] XCUITestDriver version: 2.27.2
[BaseDriver] Capability 'newCommandTimeout' changed from string ('2000') to integer (2000). This may cause unexpected behavior
[BaseDriver] Capability 'wdaLocalPort' changed from string ('8102') to integer (8102). This may cause unexpected behavior
[BaseDriver] The following capabilities were provided, but are not recognized by appium: xcodeOrgID, xcodeSigninID, autoAcceptAlerts .
[BaseDriver] Session created with session id: 5c42a436-6959-4412-b00b-76031bb9fe10
[debug] [XCUITest] Xcode version set to '8.3.3' (tools v8.3.2.0.1.1492020469)
[debug] [XCUITest] iOS SDK Version set to '10.3'
[debug] [BaseDriver] Event 'xcodeDetailsRetrieved' logged at 1499236006758 (11:56:46 GMT+0530 (IST))
[debug] [XCUITest] Available devices: b9bad8c8321ce8e1e28ea5b99d14ca167b5672d4, 7b08191588aaeaab55465e973704a94febd3e4b8
[debug] [XCUITest] Creating iDevice object with udid '7b08191588aaeaab55465e973704a94febd3e4b8'
[XCUITest] Determining device to run tests on: udid: '7b08191588aaeaab55465e973704a94febd3e4b8', real device: true
[BaseDriver] Using local app '/Users/user/iphoneApps/Payload_2/Jacquard QA.app'
[debug] [BaseDriver] Event 'appConfigured' logged at 1499236007013 (11:56:47 GMT+0530 (IST))
[debug] [XCUITest] Checking whether app '/Users/user/iphoneApps/Payload_2/Jacquard QA.app' is actually present on file system
[debug] [XCUITest] App is present
[debug] [iOS] Getting bundle ID from app '/Users/user/iphoneApps/Payload_2/Jacquard QA.app': 'com.mobiliya.Jaquard.alpha'
[debug] [BaseDriver] Event 'resetStarted' logged at 1499236007054 (11:56:47 GMT+0530 (IST))
[debug] [XCUITest] Reset: fullReset not set. Leaving as is
[debug] [BaseDriver] Event 'resetComplete' logged at 1499236007055 (11:56:47 GMT+0530 (IST))
[debug] [iOSLog] Attempting iOS device log capture via libimobiledevice idevicesyslog
[debug] [iOSLog] Found idevicesyslog: '/usr/local/bin/idevicesyslog'
[debug] [BaseDriver] Event 'logCaptureStarted' logged at 1499236007258 (11:56:47 GMT+0530 (IST))
[XCUITest] Setting up real device
[debug] [XCUITest] App 'com.mobiliya.Jaquard.alpha' is already installed. No need to reinstall.
[debug] [BaseDriver] Event 'appInstalled' logged at 1499236007471 (11:56:47 GMT+0530 (IST))
[debug] [BaseDriver] Event 'wdaStartAttempted' logged at 1499236007475 (11:56:47 GMT+0530 (IST))
[XCUITest] Using WDA path: '/usr/local/lib/node_modules/appium/node_modules/appium-xcuitest-driver/WebDriverAgent'
[XCUITest] Using WDA agent: '/usr/local/lib/node_modules/appium/node_modules/appium-xcuitest-driver/WebDriverAgent/WebDriverAgent.xcodeproj'
[debug] [XCUITest] Capability 'useNewWDA' set, so uninstalling WDA before proceeding
[debug] [XCUITest] Removing WDA application from device
[debug] [BaseDriver] Event 'wdaUninstalled' logged at 1499236008076 (11:56:48 GMT+0530 (IST))
[XCUITest] Launching WebDriverAgent on the device
[debug] [XCUITest] Carthage found: '/usr/local/bin/carthage'
[debug] [XCUITest] Killing hanging processes
[debug] [XCUITest] Beginning test with command 'xcodebuild build-for-testing test-without-building -project /usr/local/lib/node_modules/appium/node_modules/appium-xcuitest-driver/WebDriverAgent/WebDriverAgent.xcodeproj -scheme WebDriverAgentRunner -destination id=7b08191588aaeaab55465e973704a94febd3e4b8 -configuration Debug IPHONEOS_DEPLOYMENT_TARGET=10.2' in directory '/usr/local/lib/node_modules/appium/node_modules/appium-xcuitest-driver/WebDriverAgent'
[debug] [XCUITest] Output from xcodebuild will not be logged
[debug] [XCUITest] Starting iproxy to forward traffic from local port 8102 to device port 8100 over USB
[debug] [XCUITest] Waiting up to 60000ms for WebDriverAgent to start
[debug] [JSONWP Proxy] Proxying [GET /status] to [GET http://localhost:8102/status] with no body
[debug] [JSONWP Proxy] Proxying [GET /status] to [GET http://localhost:8102/status] with no body
[debug] [JSONWP Proxy] Proxying [GET /status] to [GET http://localhost:8102/status] with no body
[debug] [JSONWP Proxy] Proxying [GET /status] to [GET http://localhost:8102/status] with no body
[debug] [JSONWP Proxy] Proxying [GET /status] to [GET http://localhost:8102/status] with no body
[debug] [XCUITest] Log file for xcodebuild test: /Users/user/Library/Developer/Xcode/DerivedData/WebDriverAgent-brdadhpuduowllgivnnvuygpwhzy/Logs/Test/855BADEA-1F64-4B97-A64E-221647BA9A22/Session-WebDriverAgentRunner-2017-07-05_115657-Qrnu61.log
[debug] [JSONWP Proxy] Proxying [GET /status] to [GET http://localhost:8102/status] with no body
[debug] [JSONWP Proxy] Proxying [GET /status] to [GET http://localhost:8102/status] with no body
[debug] [JSONWP Proxy] Proxying [GET /status] to [GET http://localhost:8102/status] with no body
[debug] [JSONWP Proxy] Proxying [GET /status] to [GET http://localhost:8102/status] with no body
[debug] [JSONWP Proxy] Proxying [GET /status] to [GET http://localhost:8102/status] with no body
[debug] [JSONWP Proxy] Proxying [GET /status] to [GET http://localhost:8102/status] with no body
[debug] [JSONWP Proxy] Proxying [GET /status] to [GET http://localhost:8102/status] with no body
[debug] [JSONWP Proxy] Proxying [GET /status] to [GET http://localhost:8102/status] with no body
[debug] [JSONWP Proxy] Proxying [GET /status] to [GET http://localhost:8102/status] with no body
[debug] [JSONWP Proxy] Proxying [GET /status] to [GET http://localhost:8102/status] with no body
[debug] [JSONWP Proxy] Proxying [GET /status] to [GET http://localhost:8102/status] with no body
[debug] [JSONWP Proxy] Proxying [GET /status] to [GET http://localhost:8102/status] with no body
[debug] [JSONWP Proxy] Proxying [GET /status] to [GET http://localhost:8102/status] with no body
[debug] [JSONWP Proxy] Proxying [GET /status] to [GET http://localhost:8102/status] with no body
[debug] [JSONWP Proxy] Proxying [GET /status] to [GET http://localhost:8102/status] with no body
[debug] [JSONWP Proxy] Proxying [GET /status] to [GET http://localhost:8102/status] with no body
[debug] [JSONWP Proxy] Proxying [GET /status] to [GET http://localhost:8102/status] with no body
[debug] [JSONWP Proxy] Proxying [GET /status] to [GET http://localhost:8102/status] with no body
[debug] [JSONWP Proxy] Proxying [GET /status] to [GET http://localhost:8102/status] with no body
[debug] [JSONWP Proxy] Proxying [GET /status] to [GET http://localhost:8102/status] with no body
[debug] [JSONWP Proxy] Proxying [GET /status] to [GET http://localhost:8102/status] with no body
[debug] [JSONWP Proxy] Proxying [GET /status] to [GET http://localhost:8102/status] with no body
[debug] [JSONWP Proxy] Proxying [GET /status] to [GET http://localhost:8102/status] with no body
[debug] [JSONWP Proxy] Got response with status 200: "{\n  \"value\" : {\n    \"state\" : \"success\",\n    \"os\" : {\n      \"name\" : \"iOS\",\n      \"version\" : \"10.2.1\"\n    },\n    \"ios\" : {\n      \"simulatorVersion\" : \"10.2.1\",\n      \"ip\" : \"10.9.45.176\"\n    },\n    \"build\" : {\n      \"time\" : \"Jun 21 2017 12:34:50\"\n    }\n  },\n  \"sessionId\" : \"A72055AA-860C-48C8-A8DF-91311BAF136C\",\n  \"status\" : 0\n}"
[debug] [XCUITest] WebDriverAgent running on ip '10.9.45.176'
[debug] [XCUITest] WebDriverAgent successfully started after 16286ms
[debug] [BaseDriver] Event 'wdaSessionAttempted' logged at 1499236029523 (11:57:09 GMT+0530 (IST))
[debug] [XCUITest] Sending createSession command to WDA
[debug] [JSONWP Proxy] Proxying [POST /session] to [POST http://localhost:8102/session] with body: {"desiredCapabilities":{"bundleId":"com.mobiliya.Jaquard.alpha","arguments":[],"environment":{},"shouldWaitForQuiescence":true,"shouldUseTestManagerForVisibilityDetection":false,"maxTypingFrequency":60,"shouldUseSingletonTestManager":true}}
[debug] [JSONWP Proxy] Got response with status 200: {"value":{"sessionId":"5ED97F8B-C83F-4C3C-8083-2DE3602FD2ED","capabilities":{"device":"iphone","browserName":"Jacquard QA","sdkVersion":"10.2.1","CFBundleIdentifier":"com.mobiliya.Jaquard.alpha"}},"sessionId":"5ED97F8B-C83F-4C3C-8083-2DE3602FD2ED","status":0}
[debug] [BaseDriver] Event 'wdaSessionStarted' logged at 1499236035563 (11:57:15 GMT+0530 (IST))
[debug] [XCUITest] Found WDA derived data folder: '/Users/user/Library/Developer/Xcode/DerivedData/WebDriverAgent-brdadhpuduowllgivnnvuygpwhzy'
[XCUITest] Setting '555' permissions to '/Users/user/Library/Developer/Xcode/DerivedData/WebDriverAgent-brdadhpuduowllgivnnvuygpwhzy/Logs/Test/Attachments' folder
[debug] [XCUITest] Found WDA derived data folder: '/Users/user/Library/Developer/Xcode/DerivedData/WebDriverAgent-dikkwtrisltbeobjmfvpthwwekvs'
[XCUITest] Setting '555' permissions to '/Users/user/Library/Developer/Xcode/DerivedData/WebDriverAgent-dikkwtrisltbeobjmfvpthwwekvs/Logs/Test/Attachments' folder
[debug] [BaseDriver] Event 'wdaPermsAdjusted' logged at 1499236035568 (11:57:15 GMT+0530 (IST))
[debug] [BaseDriver] Event 'wdaStarted' logged at 1499236035572 (11:57:15 GMT+0530 (IST))
[debug] [XCUITest] Setting initial orientation to 'PORTRAIT'
[debug] [JSONWP Proxy] Proxying [POST /orientation] to [POST http://localhost:8102/session/5ED97F8B-C83F-4C3C-8083-2DE3602FD2ED/orientation] with body: {"orientation":"PORTRAIT"}
[debug] [JSONWP Proxy] Got response with status 200: {"value":{},"sessionId":"5ED97F8B-C83F-4C3C-8083-2DE3602FD2ED","status":0}
[debug] [BaseDriver] Event 'orientationSet' logged at 1499236036468 (11:57:16 GMT+0530 (IST))
[Appium] New XCUITestDriver session created successfully, session 5c42a436-6959-4412-b00b-76031bb9fe10 added to master session list
[debug] [BaseDriver] Event 'newSessionStarted' logged at 1499236036471 (11:57:16 GMT+0530 (IST))
[debug] [MJSONWP] Responding to client with driver.createSession() result: {"webStorageEnabled":false,"locationContextEnabled":false,"browserName":"","platform":"MAC","javascriptEnabled":true,"databaseEnabled":false,"takesScreenshot":true,"networkConnectionEnabled":false,"app":"/Users/user/iphoneApps/Payload_2/Jacquard QA.app","noReset":true,"xcodeOrgID":"EQHXZ8M8AV","xcodeSigninID":"iPhone Developer","autoAcceptAlerts ":true,"deviceName":"User’s iPhone","wdaLocalPort":"8102","showIOSLog":false,"newCommandTimeout":"2000","platformVersion":"10.2.1","automationName":"XCUITEST","useNewWDA":true,"udid":"7b08191588aaeaab55465e973704a94febd3e4b8","platformName":"iOS"}
[HTTP] <-- POST /wd/hub/session 200 30049 ms - 669 
[HTTP] --> GET /wd/hub/session/5c42a436-6959-4412-b00b-76031bb9fe10 {}
[debug] [MJSONWP] Calling AppiumDriver.getSession() with args: ["5c42a436-6959-4412-b00b-76031bb9fe10"]
[debug] [XCUITest] Executing command 'getSession'
[debug] [JSONWP Proxy] Proxying [GET /] to [GET http://localhost:8102/session/5ED97F8B-C83F-4C3C-8083-2DE3602FD2ED] with no body
[debug] [JSONWP Proxy] Got response with status 200: "{\n  \"value\" : {\n    \"sessionId\" : \"5ED97F8B-C83F-4C3C-8083-2DE3602FD2ED\",\n    \"capabilities\" : {\n      \"device\" : \"iphone\",\n      \"browserName\" : \"Jacquard QA\",\n      \"sdkVersion\" : \"10.2.1\",\n      \"CFBundleIdentifier\" : \"com.mobiliya.Jaquard.alpha\"\n    }\n  },\n  \"sessionId\" : \"5ED97F8B-C83F-4C3C-8083-2DE3602FD2ED\",\n  \"status\" : 0\n}"
[XCUITest] Merging WDA caps over Appium caps for session detail response
[debug] [MJSONWP] Responding to client with driver.getSession() result: {"udid":"7b08191588aaeaab55465e973704a94febd3e4b8","app":"/Users/user/iphoneApps/Payload_2/Jacquard QA.app","noReset":true,"xcodeOrgID":"EQHXZ8M8AV","xcodeSigninID":"iPhone Developer","autoAcceptAlerts ":true,"deviceName":"User’s iPhone","wdaLocalPort":8102,"showIOSLog":false,"newCommandTimeout":2000,"platformVersion":"10.2.1","automationName":"XCUITEST","useNewWDA":true,"platformName":"iOS","device":"iphone","browserName":"Jacquard QA","sdkVersion":"10.2.1","CFBundleIdentifier":"com.mobiliya.Jaquard.alpha"}
[HTTP] <-- GET /wd/hub/session/5c42a436-6959-4412-b00b-76031bb9fe10 200 390 ms - 587 
[HTTP] --> GET /wd/hub/session/5c42a436-6959-4412-b00b-76031bb9fe10 {}
[debug] [MJSONWP] Calling AppiumDriver.getSession() with args: ["5c42a436-6959-4412-b00b-76031bb9fe10"]
[debug] [XCUITest] Executing command 'getSession'
[debug] [JSONWP Proxy] Proxying [GET /] to [GET http://localhost:8102/session/5ED97F8B-C83F-4C3C-8083-2DE3602FD2ED] with no body
[debug] [JSONWP Proxy] Got response with status 200: "{\n  \"value\" : {\n    \"sessionId\" : \"5ED97F8B-C83F-4C3C-8083-2DE3602FD2ED\",\n    \"capabilities\" : {\n      \"device\" : \"iphone\",\n      \"browserName\" : \"Jacquard QA\",\n      \"sdkVersion\" : \"10.2.1\",\n      \"CFBundleIdentifier\" : \"com.mobiliya.Jaquard.alpha\"\n    }\n  },\n  \"sessionId\" : \"5ED97F8B-C83F-4C3C-8083-2DE3602FD2ED\",\n  \"status\" : 0\n}"
[XCUITest] Merging WDA caps over Appium caps for session detail response
[debug] [MJSONWP] Responding to client with driver.getSession() result: {"udid":"7b08191588aaeaab55465e973704a94febd3e4b8","app":"/Users/user/iphoneApps/Payload_2/Jacquard QA.app","noReset":true,"xcodeOrgID":"EQHXZ8M8AV","xcodeSigninID":"iPhone Developer","autoAcceptAlerts ":true,"deviceName":"User’s iPhone","wdaLocalPort":8102,"showIOSLog":false,"newCommandTimeout":2000,"platformVersion":"10.2.1","automationName":"XCUITEST","useNewWDA":true,"platformName":"iOS","device":"iphone","browserName":"Jacquard QA","sdkVersion":"10.2.1","CFBundleIdentifier":"com.mobiliya.Jaquard.alpha"}
[HTTP] <-- GET /wd/hub/session/5c42a436-6959-4412-b00b-76031bb9fe10 200 476 ms - 587 
[HTTP] --> POST /wd/hub/session/5c42a436-6959-4412-b00b-76031bb9fe10/timeouts {"type":"implicit","ms":30000}
[debug] [MJSONWP] Calling AppiumDriver.timeouts() with args: ["implicit",30000,"5c42a436-6959-4412-b00b-76031bb9fe10"]
[debug] [XCUITest] Executing command 'timeouts'
[debug] [BaseDriver] Set implicit wait to 30000ms
[debug] [MJSONWP] Responding to client with driver.timeouts() result: null
[HTTP] <-- POST /wd/hub/session/5c42a436-6959-4412-b00b-76031bb9fe10/timeouts 200 12 ms - 76 
[HTTP] --> POST /wd/hub/session/5c42a436-6959-4412-b00b-76031bb9fe10/element {"using":"accessibility id","value":"Interact"}
[debug] [MJSONWP] Calling AppiumDriver.findElement() with args: ["accessibility id","Interact","5c42a436-6959-4412-b00b-76031bb9fe10"]
[debug] [XCUITest] Executing command 'findElement'
[debug] [BaseDriver] Valid locator strategies for this request: xpath, id, name, class name, -ios predicate string, -ios class chain, accessibility id
[debug] [BaseDriver] Waiting up to 30000 ms for condition
[debug] [JSONWP Proxy] Proxying [POST /element] to [POST http://localhost:8102/session/5ED97F8B-C83F-4C3C-8083-2DE3602FD2ED/element] with body: {"using":"accessibility id","value":"Interact"}
[debug] [JSONWP Proxy] Got response with status 200: {"value":{"using":"accessibility id","value":"Interact","description":"unable to find an element"},"sessionId":"5ED97F8B-C83F-4C3C-8083-2DE3602FD2ED","status":7}
[debug] [BaseDriver] Waited for 4754 ms so far
[debug] [JSONWP Proxy] Proxying [POST /element] to [POST http://localhost:8102/session/5ED97F8B-C83F-4C3C-8083-2DE3602FD2ED/element] with body: {"using":"accessibility id","value":"Interact"}
[debug] [JSONWP Proxy] Got response with status 200: {"value":{"using":"accessibility id","value":"Interact","description":"unable to find an element"},"sessionId":"5ED97F8B-C83F-4C3C-8083-2DE3602FD2ED","status":7}
[debug] [BaseDriver] Waited for 9688 ms so far
[debug] [JSONWP Proxy] Proxying [POST /element] to [POST http://localhost:8102/session/5ED97F8B-C83F-4C3C-8083-2DE3602FD2ED/element] with body: {"using":"accessibility id","value":"Interact"}
[debug] [JSONWP Proxy] Got response with status 200: {"value":{"using":"accessibility id","value":"Interact","description":"unable to find an element"},"sessionId":"5ED97F8B-C83F-4C3C-8083-2DE3602FD2ED","status":7}
[debug] [BaseDriver] Waited for 14510 ms so far
[debug] [JSONWP Proxy] Proxying [POST /element] to [POST http://localhost:8102/session/5ED97F8B-C83F-4C3C-8083-2DE3602FD2ED/element] with body: {"using":"accessibility id","value":"Interact"}
[debug] [JSONWP Proxy] Got response with status 200: {"value":{"using":"accessibility id","value":"Interact","description":"unable to find an element"},"sessionId":"5ED97F8B-C83F-4C3C-8083-2DE3602FD2ED","status":7}
[debug] [BaseDriver] Waited for 18859 ms so far
[debug] [JSONWP Proxy] Proxying [POST /element] to [POST http://localhost:8102/session/5ED97F8B-C83F-4C3C-8083-2DE3602FD2ED/element] with body: {"using":"accessibility id","value":"Interact"}
[debug] [JSONWP Proxy] Got response with status 200: {"value":{"using":"accessibility id","value":"Interact","description":"unable to find an element"},"sessionId":"5ED97F8B-C83F-4C3C-8083-2DE3602FD2ED","status":7}
[debug] [BaseDriver] Waited for 23316 ms so far
[debug] [JSONWP Proxy] Proxying [POST /element] to [POST http://localhost:8102/session/5ED97F8B-C83F-4C3C-8083-2DE3602FD2ED/element] with body: {"using":"accessibility id","value":"Interact"}
[debug] [JSONWP Proxy] Got response with status 200: {"value":{"using":"accessibility id","value":"Interact","description":"unable to find an element"},"sessionId":"5ED97F8B-C83F-4C3C-8083-2DE3602FD2ED","status":7}
[debug] [BaseDriver] Waited for 27582 ms so far
[debug] [JSONWP Proxy] Proxying [POST /element] to [POST http://localhost:8102/session/5ED97F8B-C83F-4C3C-8083-2DE3602FD2ED/element] with body: {"using":"accessibility id","value":"Interact"}
[debug] [JSONWP Proxy] Got response with status 200: {"value":{"using":"accessibility id","value":"Interact","description":"unable to find an element"},"sessionId":"5ED97F8B-C83F-4C3C-8083-2DE3602FD2ED","status":7}
[HTTP] <-- POST /wd/hub/session/5c42a436-6959-4412-b00b-76031bb9fe10/element 500 31783 ms - 164 
[HTTP] --> POST /wd/hub/session/5c42a436-6959-4412-b00b-76031bb9fe10/element {"using":"accessibility id","value":"Get Started"}
[debug] [MJSONWP] Calling AppiumDriver.findElement() with args: ["accessibility id","Get Started","5c42a436-6959-4412-b00b-76031bb9fe10"]
[debug] [XCUITest] Executing command 'findElement'
[debug] [BaseDriver] Valid locator strategies for this request: xpath, id, name, class name, -ios predicate string, -ios class chain, accessibility id
[debug] [BaseDriver] Waiting up to 30000 ms for condition
[debug] [JSONWP Proxy] Proxying [POST /element] to [POST http://localhost:8102/session/5ED97F8B-C83F-4C3C-8083-2DE3602FD2ED/element] with body: {"using":"accessibility id","value":"Get Started"}
[debug] [JSONWP Proxy] Got response with status 200: {"value":{"ELEMENT":"E62AB10C-ECF9-4CC7-9FDC-7D1216C2920A","type":"XCUIElementTypeButton","label":"Get Started"},"sessionId":"5ED97F8B-C83F-4C3C-8083-2DE3602FD2ED","status":0}
[debug] [MJSONWP] Responding to client with driver.findElement() result: {"ELEMENT":"E62AB10C-ECF9-4CC7-9FDC-7D1216C2920A","type":"XCUIElementTypeButton","label":"Get Started"}
[HTTP] <-- POST /wd/hub/session/5c42a436-6959-4412-b00b-76031bb9fe10/element 200 4192 ms - 175 
[HTTP] --> GET /wd/hub/session/5c42a436-6959-4412-b00b-76031bb9fe10/element/E62AB10C-ECF9-4CC7-9FDC-7D1216C2920A/displayed {}
[MJSONWP] Driver proxy active, passing request on via HTTP proxy
[debug] [XCUITest] Executing command 'proxyReqRes'
[debug] [JSONWP Proxy] Proxying [GET /wd/hub/session/5c42a436-6959-4412-b00b-76031bb9fe10/element/E62AB10C-ECF9-4CC7-9FDC-7D1216C2920A/displayed] to [GET http://localhost:8102/session/5ED97F8B-C83F-4C3C-8083-2DE3602FD2ED/element/E62AB10C-ECF9-4CC7-9FDC-7D1216C2920A/displayed] with body: {}
[debug] [JSONWP Proxy] Got response with status 200: "{\n  \"value\" : true,\n  \"sessionId\" : \"5ED97F8B-C83F-4C3C-8083-2DE3602FD2ED\",\n  \"status\" : 0\n}"
[JSONWP Proxy] Replacing sessionId 5ED97F8B-C83F-4C3C-8083-2DE3602FD2ED with 5c42a436-6959-4412-b00b-76031bb9fe10
[HTTP] <-- GET /wd/hub/session/5c42a436-6959-4412-b00b-76031bb9fe10/element/E62AB10C-ECF9-4CC7-9FDC-7D1216C2920A/displayed 200 4031 ms - 76 
[HTTP] --> POST /wd/hub/session/5c42a436-6959-4412-b00b-76031bb9fe10/element {"using":"accessibility id","value":"Get Started"}
[debug] [MJSONWP] Calling AppiumDriver.findElement() with args: ["accessibility id","Get Started","5c42a436-6959-4412-b00b-76031bb9fe10"]
[debug] [XCUITest] Executing command 'findElement'
[debug] [BaseDriver] Valid locator strategies for this request: xpath, id, name, class name, -ios predicate string, -ios class chain, accessibility id
[debug] [BaseDriver] Waiting up to 30000 ms for condition
[debug] [JSONWP Proxy] Proxying [POST /element] to [POST http://localhost:8102/session/5ED97F8B-C83F-4C3C-8083-2DE3602FD2ED/element] with body: {"using":"accessibility id","value":"Get Started"}
[debug] [JSONWP Proxy] Got response with status 200: {"value":{"ELEMENT":"92E96059-9C9F-4E7C-9B84-4CDA6523E6ED","type":"XCUIElementTypeButton","label":"Get Started"},"sessionId":"5ED97F8B-C83F-4C3C-8083-2DE3602FD2ED","status":0}
[debug] [MJSONWP] Responding to client with driver.findElement() result: {"ELEMENT":"92E96059-9C9F-4E7C-9B84-4CDA6523E6ED","type":"XCUIElementTypeButton","label":"Get Started"}
[HTTP] <-- POST /wd/hub/session/5c42a436-6959-4412-b00b-76031bb9fe10/element 200 4208 ms - 175 
[HTTP] --> GET /wd/hub/session/5c42a436-6959-4412-b00b-76031bb9fe10/element/92E96059-9C9F-4E7C-9B84-4CDA6523E6ED/displayed {}
[MJSONWP] Driver proxy active, passing request on via HTTP proxy
[debug] [XCUITest] Executing command 'proxyReqRes'
[debug] [JSONWP Proxy] Proxying [GET /wd/hub/session/5c42a436-6959-4412-b00b-76031bb9fe10/element/92E96059-9C9F-4E7C-9B84-4CDA6523E6ED/displayed] to [GET http://localhost:8102/session/5ED97F8B-C83F-4C3C-8083-2DE3602FD2ED/element/92E96059-9C9F-4E7C-9B84-4CDA6523E6ED/displayed] with body: {}
[debug] [JSONWP Proxy] Got response with status 200: "{\n  \"value\" : true,\n  \"sessionId\" : \"5ED97F8B-C83F-4C3C-8083-2DE3602FD2ED\",\n  \"status\" : 0\n}"
[JSONWP Proxy] Replacing sessionId 5ED97F8B-C83F-4C3C-8083-2DE3602FD2ED with 5c42a436-6959-4412-b00b-76031bb9fe10
[HTTP] <-- GET /wd/hub/session/5c42a436-6959-4412-b00b-76031bb9fe10/element/92E96059-9C9F-4E7C-9B84-4CDA6523E6ED/displayed 200 4221 ms - 76 
[HTTP] --> POST /wd/hub/session/5c42a436-6959-4412-b00b-76031bb9fe10/element/92E96059-9C9F-4E7C-9B84-4CDA6523E6ED/click {"id":"92E96059-9C9F-4E7C-9B84-4CDA6523E6ED"}
[MJSONWP] Driver proxy active, passing request on via HTTP proxy
[debug] [XCUITest] Executing command 'proxyReqRes'
[debug] [JSONWP Proxy] Proxying [POST /wd/hub/session/5c42a436-6959-4412-b00b-76031bb9fe10/element/92E96059-9C9F-4E7C-9B84-4CDA6523E6ED/click] to [POST http://localhost:8102/session/5ED97F8B-C83F-4C3C-8083-2DE3602FD2ED/element/92E96059-9C9F-4E7C-9B84-4CDA6523E6ED/click] with body: {"id":"92E96059-9C9F-4E7C-9B84-4CDA6523E6ED"}
[debug] [JSONWP Proxy] Got response with status 200: {"status":0,"id":"92E96059-9C9F-4E7C-9B84-4CDA6523E6ED","value":"","sessionId":"5ED97F8B-C83F-4C3C-8083-2DE3602FD2ED"}
[JSONWP Proxy] Replacing sessionId 5ED97F8B-C83F-4C3C-8083-2DE3602FD2ED with 5c42a436-6959-4412-b00b-76031bb9fe10
[HTTP] <-- POST /wd/hub/session/5c42a436-6959-4412-b00b-76031bb9fe10/element/92E96059-9C9F-4E7C-9B84-4CDA6523E6ED/click 200 5044 ms - 118 
[HTTP] --> GET /wd/hub/session/5c42a436-6959-4412-b00b-76031bb9fe10/window/current/size {}
[debug] [MJSONWP] Calling AppiumDriver.getWindowSize() with args: ["current","5c42a436-6959-4412-b00b-76031bb9fe10"]
[debug] [XCUITest] Executing command 'getWindowSize'
[debug] [JSONWP Proxy] Proxying [GET /window/size] to [GET http://localhost:8102/session/5ED97F8B-C83F-4C3C-8083-2DE3602FD2ED/window/size] with no body
[debug] [JSONWP Proxy] Got response with status 200: "{\n  \"value\" : {\n    \"width\" : 414,\n    \"height\" : 736\n  },\n  \"sessionId\" : \"5ED97F8B-C83F-4C3C-8083-2DE3602FD2ED\",\n  \"status\" : 0\n}"
[debug] [MJSONWP] Responding to client with driver.getWindowSize() result: {"width":414,"height":736}
[HTTP] <-- GET /wd/hub/session/5c42a436-6959-4412-b00b-76031bb9fe10/window/current/size 200 751 ms - 98 
[HTTP] --> POST /wd/hub/session/5c42a436-6959-4412-b00b-76031bb9fe10/touch/perform {"actions":[{"action":"press","options":{"x":200,"y":368}},{"action":"wait","options":{"ms":100}},{"action":"moveTo","options":{"x":0,"y":-221}},{"action":"release","options":{}}]}
[debug] [MJSONWP] Calling AppiumDriver.performTouch() with args: [[{"action":"press","options":{"x":200,"y":368}},{"action":"wait","options":{"ms":100}},{"action":"moveTo","options":{"x":0,"y":-221}},{"action":"release","options":{}}],"5c42a436-6959-4412-b00b-76031bb9fe10"]
[debug] [XCUITest] Executing command 'performTouch'
[debug] [XCUITest] Received the following touch action: press(options={"x":200,"y":368})-wait(options={"ms":100})-moveTo(options={"x":0,"y":-221})-release(options={})
[debug] [XCUITest] Found matching gesture: drag
[debug] [JSONWP Proxy] Proxying [POST /wda/dragfromtoforduration] to [POST http://localhost:8102/session/5ED97F8B-C83F-4C3C-8083-2DE3602FD2ED/wda/dragfromtoforduration] with body: {"fromX":200,"fromY":368,"toX":200,"toY":147,"duration":0.1}
[debug] [JSONWP Proxy] Got response with status 200: {"value":{},"sessionId":"5ED97F8B-C83F-4C3C-8083-2DE3602FD2ED","status":0}
[debug] [MJSONWP] Responding to client with driver.performTouch() result: null
[HTTP] <-- POST /wd/hub/session/5c42a436-6959-4412-b00b-76031bb9fe10/touch/perform 200 6183 ms - 76 
[HTTP] --> POST /wd/hub/session/5c42a436-6959-4412-b00b-76031bb9fe10/element {"using":"accessibility id","value":"Enable Jacquard"}
[debug] [MJSONWP] Calling AppiumDriver.findElement() with args: ["accessibility id","Enable Jacquard","5c42a436-6959-4412-b00b-76031bb9fe10"]
[debug] [XCUITest] Executing command 'findElement'
[debug] [BaseDriver] Valid locator strategies for this request: xpath, id, name, class name, -ios predicate string, -ios class chain, accessibility id
[debug] [BaseDriver] Waiting up to 30000 ms for condition
[debug] [JSONWP Proxy] Proxying [POST /element] to [POST http://localhost:8102/session/5ED97F8B-C83F-4C3C-8083-2DE3602FD2ED/element] with body: {"using":"accessibility id","value":"Enable Jacquard"}
[debug] [JSONWP Proxy] Got response with status 200: {"value":{"ELEMENT":"14ADC869-DB7F-4F62-A7B4-9A4409AAB96A","type":"XCUIElementTypeButton","label":"Enable Jacquard"},"sessionId":"5ED97F8B-C83F-4C3C-8083-2DE3602FD2ED","status":0}
[debug] [MJSONWP] Responding to client with driver.findElement() result: {"ELEMENT":"14ADC869-DB7F-4F62-A7B4-9A4409AAB96A","type":"XCUIElementTypeButton","label":"Enable Jacquard"}
[HTTP] <-- POST /wd/hub/session/5c42a436-6959-4412-b00b-76031bb9fe10/element 200 5034 ms - 179 
[HTTP] --> GET /wd/hub/session/5c42a436-6959-4412-b00b-76031bb9fe10/element/14ADC869-DB7F-4F62-A7B4-9A4409AAB96A/displayed {}
[MJSONWP] Driver proxy active, passing request on via HTTP proxy
[debug] [XCUITest] Executing command 'proxyReqRes'
[debug] [JSONWP Proxy] Proxying [GET /wd/hub/session/5c42a436-6959-4412-b00b-76031bb9fe10/element/14ADC869-DB7F-4F62-A7B4-9A4409AAB96A/displayed] to [GET http://localhost:8102/session/5ED97F8B-C83F-4C3C-8083-2DE3602FD2ED/element/14ADC869-DB7F-4F62-A7B4-9A4409AAB96A/displayed] with body: {}
[debug] [JSONWP Proxy] Got response with status 200: "{\n  \"value\" : true,\n  \"sessionId\" : \"5ED97F8B-C83F-4C3C-8083-2DE3602FD2ED\",\n  \"status\" : 0\n}"
[JSONWP Proxy] Replacing sessionId 5ED97F8B-C83F-4C3C-8083-2DE3602FD2ED with 5c42a436-6959-4412-b00b-76031bb9fe10
[HTTP] <-- GET /wd/hub/session/5c42a436-6959-4412-b00b-76031bb9fe10/element/14ADC869-DB7F-4F62-A7B4-9A4409AAB96A/displayed 200 5137 ms - 76 
[HTTP] --> POST /wd/hub/session/5c42a436-6959-4412-b00b-76031bb9fe10/element {"using":"accessibility id","value":"Enable Jacquard"}
[debug] [MJSONWP] Calling AppiumDriver.findElement() with args: ["accessibility id","Enable Jacquard","5c42a436-6959-4412-b00b-76031bb9fe10"]
[debug] [XCUITest] Executing command 'findElement'
[debug] [BaseDriver] Valid locator strategies for this request: xpath, id, name, class name, -ios predicate string, -ios class chain, accessibility id
[debug] [BaseDriver] Waiting up to 30000 ms for condition
[debug] [JSONWP Proxy] Proxying [POST /element] to [POST http://localhost:8102/session/5ED97F8B-C83F-4C3C-8083-2DE3602FD2ED/element] with body: {"using":"accessibility id","value":"Enable Jacquard"}
[debug] [JSONWP Proxy] Got response with status 200: {"value":{"ELEMENT":"FC34DE70-CD2C-406D-8A6E-73752764FD4A","type":"XCUIElementTypeButton","label":"Enable Jacquard"},"sessionId":"5ED97F8B-C83F-4C3C-8083-2DE3602FD2ED","status":0}
[debug] [MJSONWP] Responding to client with driver.findElement() result: {"ELEMENT":"FC34DE70-CD2C-406D-8A6E-73752764FD4A","type":"XCUIElementTypeButton","label":"Enable Jacquard"}
[HTTP] <-- POST /wd/hub/session/5c42a436-6959-4412-b00b-76031bb9fe10/element 200 5232 ms - 179 
[HTTP] --> GET /wd/hub/session/5c42a436-6959-4412-b00b-76031bb9fe10/element/FC34DE70-CD2C-406D-8A6E-73752764FD4A/displayed {}
[MJSONWP] Driver proxy active, passing request on via HTTP proxy
[debug] [XCUITest] Executing command 'proxyReqRes'
[debug] [JSONWP Proxy] Proxying [GET /wd/hub/session/5c42a436-6959-4412-b00b-76031bb9fe10/element/FC34DE70-CD2C-406D-8A6E-73752764FD4A/displayed] to [GET http://localhost:8102/session/5ED97F8B-C83F-4C3C-8083-2DE3602FD2ED/element/FC34DE70-CD2C-406D-8A6E-73752764FD4A/displayed] with body: {}
[debug] [JSONWP Proxy] Got response with status 200: "{\n  \"value\" : true,\n  \"sessionId\" : \"5ED97F8B-C83F-4C3C-8083-2DE3602FD2ED\",\n  \"status\" : 0\n}"
[JSONWP Proxy] Replacing sessionId 5ED97F8B-C83F-4C3C-8083-2DE3602FD2ED with 5c42a436-6959-4412-b00b-76031bb9fe10
[HTTP] <-- GET /wd/hub/session/5c42a436-6959-4412-b00b-76031bb9fe10/element/FC34DE70-CD2C-406D-8A6E-73752764FD4A/displayed 200 5048 ms - 76 
[HTTP] --> POST /wd/hub/session/5c42a436-6959-4412-b00b-76031bb9fe10/element/FC34DE70-CD2C-406D-8A6E-73752764FD4A/click {"id":"FC34DE70-CD2C-406D-8A6E-73752764FD4A"}
[MJSONWP] Driver proxy active, passing request on via HTTP proxy
[debug] [XCUITest] Executing command 'proxyReqRes'
[debug] [JSONWP Proxy] Proxying [POST /wd/hub/session/5c42a436-6959-4412-b00b-76031bb9fe10/element/FC34DE70-CD2C-406D-8A6E-73752764FD4A/click] to [POST http://localhost:8102/session/5ED97F8B-C83F-4C3C-8083-2DE3602FD2ED/element/FC34DE70-CD2C-406D-8A6E-73752764FD4A/click] with body: {"id":"FC34DE70-CD2C-406D-8A6E-73752764FD4A"}
[debug] [JSONWP Proxy] Got response with status 200: {"status":0,"id":"FC34DE70-CD2C-406D-8A6E-73752764FD4A","value":"","sessionId":"5ED97F8B-C83F-4C3C-8083-2DE3602FD2ED"}
[JSONWP Proxy] Replacing sessionId 5ED97F8B-C83F-4C3C-8083-2DE3602FD2ED with 5c42a436-6959-4412-b00b-76031bb9fe10
[HTTP] <-- POST /wd/hub/session/5c42a436-6959-4412-b00b-76031bb9fe10/element/FC34DE70-CD2C-406D-8A6E-73752764FD4A/click 200 7625 ms - 118 
[HTTP] --> POST /wd/hub/session/5c42a436-6959-4412-b00b-76031bb9fe10/element {"using":"accessibility id","value":"Tag is ready"}
[debug] [MJSONWP] Calling AppiumDriver.findElement() with args: ["accessibility id","Tag is ready","5c42a436-6959-4412-b00b-76031bb9fe10"]
[debug] [XCUITest] Executing command 'findElement'
[debug] [BaseDriver] Valid locator strategies for this request: xpath, id, name, class name, -ios predicate string, -ios class chain, accessibility id
[debug] [BaseDriver] Waiting up to 30000 ms for condition
[debug] [JSONWP Proxy] Proxying [POST /element] to [POST http://localhost:8102/session/5ED97F8B-C83F-4C3C-8083-2DE3602FD2ED/element] with body: {"using":"accessibility id","value":"Tag is ready"}
[debug] [JSONWP Proxy] Got response with status 200: {"value":{"ELEMENT":"E0BC049C-89E0-4498-A01E-370E11D1A458","type":"XCUIElementTypeButton","label":"Tag is ready"},"sessionId":"5ED97F8B-C83F-4C3C-8083-2DE3602FD2ED","status":0}
[debug] [MJSONWP] Responding to client with driver.findElement() result: {"ELEMENT":"E0BC049C-89E0-4498-A01E-370E11D1A458","type":"XCUIElementTypeButton","label":"Tag is ready"}
[HTTP] <-- POST /wd/hub/session/5c42a436-6959-4412-b00b-76031bb9fe10/element 200 5311 ms - 176 
[HTTP] --> GET /wd/hub/session/5c42a436-6959-4412-b00b-76031bb9fe10/element/E0BC049C-89E0-4498-A01E-370E11D1A458/displayed {}
[MJSONWP] Driver proxy active, passing request on via HTTP proxy
[debug] [XCUITest] Executing command 'proxyReqRes'
[debug] [JSONWP Proxy] Proxying [GET /wd/hub/session/5c42a436-6959-4412-b00b-76031bb9fe10/element/E0BC049C-89E0-4498-A01E-370E11D1A458/displayed] to [GET http://localhost:8102/session/5ED97F8B-C83F-4C3C-8083-2DE3602FD2ED/element/E0BC049C-89E0-4498-A01E-370E11D1A458/displayed] with body: {}
[debug] [JSONWP Proxy] Got response with status 200: "{\n  \"value\" : true,\n  \"sessionId\" : \"5ED97F8B-C83F-4C3C-8083-2DE3602FD2ED\",\n  \"status\" : 0\n}"
[JSONWP Proxy] Replacing sessionId 5ED97F8B-C83F-4C3C-8083-2DE3602FD2ED with 5c42a436-6959-4412-b00b-76031bb9fe10
[HTTP] <-- GET /wd/hub/session/5c42a436-6959-4412-b00b-76031bb9fe10/element/E0BC049C-89E0-4498-A01E-370E11D1A458/displayed 200 4124 ms - 76 
[HTTP] --> POST /wd/hub/session/5c42a436-6959-4412-b00b-76031bb9fe10/element {"using":"accessibility id","value":"Tag is ready"}
[debug] [MJSONWP] Calling AppiumDriver.findElement() with args: ["accessibility id","Tag is ready","5c42a436-6959-4412-b00b-76031bb9fe10"]
[debug] [XCUITest] Executing command 'findElement'
[debug] [BaseDriver] Valid locator strategies for this request: xpath, id, name, class name, -ios predicate string, -ios class chain, accessibility id
[debug] [BaseDriver] Waiting up to 30000 ms for condition
[debug] [JSONWP Proxy] Proxying [POST /element] to [POST http://localhost:8102/session/5ED97F8B-C83F-4C3C-8083-2DE3602FD2ED/element] with body: {"using":"accessibility id","value":"Tag is ready"}
[debug] [JSONWP Proxy] Got response with status 200: {"value":{"ELEMENT":"FDCC1F1A-A980-4C46-8FFE-D4D9961DF746","type":"XCUIElementTypeButton","label":"Tag is ready"},"sessionId":"5ED97F8B-C83F-4C3C-8083-2DE3602FD2ED","status":0}
[debug] [MJSONWP] Responding to client with driver.findElement() result: {"ELEMENT":"FDCC1F1A-A980-4C46-8FFE-D4D9961DF746","type":"XCUIElementTypeButton","label":"Tag is ready"}
[HTTP] <-- POST /wd/hub/session/5c42a436-6959-4412-b00b-76031bb9fe10/element 200 4101 ms - 176 
[HTTP] --> GET /wd/hub/session/5c42a436-6959-4412-b00b-76031bb9fe10/element/FDCC1F1A-A980-4C46-8FFE-D4D9961DF746/displayed {}
[MJSONWP] Driver proxy active, passing request on via HTTP proxy
[debug] [XCUITest] Executing command 'proxyReqRes'
[debug] [JSONWP Proxy] Proxying [GET /wd/hub/session/5c42a436-6959-4412-b00b-76031bb9fe10/element/FDCC1F1A-A980-4C46-8FFE-D4D9961DF746/displayed] to [GET http://localhost:8102/session/5ED97F8B-C83F-4C3C-8083-2DE3602FD2ED/element/FDCC1F1A-A980-4C46-8FFE-D4D9961DF746/displayed] with body: {}
[debug] [JSONWP Proxy] Got response with status 200: "{\n  \"value\" : true,\n  \"sessionId\" : \"5ED97F8B-C83F-4C3C-8083-2DE3602FD2ED\",\n  \"status\" : 0\n}"
[JSONWP Proxy] Replacing sessionId 5ED97F8B-C83F-4C3C-8083-2DE3602FD2ED with 5c42a436-6959-4412-b00b-76031bb9fe10
[HTTP] <-- GET /wd/hub/session/5c42a436-6959-4412-b00b-76031bb9fe10/element/FDCC1F1A-A980-4C46-8FFE-D4D9961DF746/displayed 200 4070 ms - 76 
[HTTP] --> POST /wd/hub/session/5c42a436-6959-4412-b00b-76031bb9fe10/element/FDCC1F1A-A980-4C46-8FFE-D4D9961DF746/click {"id":"FDCC1F1A-A980-4C46-8FFE-D4D9961DF746"}
[MJSONWP] Driver proxy active, passing request on via HTTP proxy
[debug] [XCUITest] Executing command 'proxyReqRes'
[debug] [JSONWP Proxy] Proxying [POST /wd/hub/session/5c42a436-6959-4412-b00b-76031bb9fe10/element/FDCC1F1A-A980-4C46-8FFE-D4D9961DF746/click] to [POST http://localhost:8102/session/5ED97F8B-C83F-4C3C-8083-2DE3602FD2ED/element/FDCC1F1A-A980-4C46-8FFE-D4D9961DF746/click] with body: {"id":"FDCC1F1A-A980-4C46-8FFE-D4D9961DF746"}
[debug] [JSONWP Proxy] Got response with status 200: {"status":0,"id":"FDCC1F1A-A980-4C46-8FFE-D4D9961DF746","value":"","sessionId":"5ED97F8B-C83F-4C3C-8083-2DE3602FD2ED"}
[JSONWP Proxy] Replacing sessionId 5ED97F8B-C83F-4C3C-8083-2DE3602FD2ED with 5c42a436-6959-4412-b00b-76031bb9fe10
[HTTP] <-- POST /wd/hub/session/5c42a436-6959-4412-b00b-76031bb9fe10/element/FDCC1F1A-A980-4C46-8FFE-D4D9961DF746/click 200 5176 ms - 118 
[HTTP] --> POST /wd/hub/session/5c42a436-6959-4412-b00b-76031bb9fe10/element {"using":"accessibility id","value":"Agree"}
[debug] [MJSONWP] Calling AppiumDriver.findElement() with args: ["accessibility id","Agree","5c42a436-6959-4412-b00b-76031bb9fe10"]
[debug] [XCUITest] Executing command 'findElement'
[debug] [BaseDriver] Valid locator strategies for this request: xpath, id, name, class name, -ios predicate string, -ios class chain, accessibility id
[debug] [BaseDriver] Waiting up to 30000 ms for condition
[debug] [JSONWP Proxy] Proxying [POST /element] to [POST http://localhost:8102/session/5ED97F8B-C83F-4C3C-8083-2DE3602FD2ED/element] with body: {"using":"accessibility id","value":"Agree"}
[debug] [JSONWP Proxy] Got response with status 200: {"value":{"ELEMENT":"C2677BD7-4F4E-4F33-8001-99325EDCFE3E","type":"XCUIElementTypeButton","label":"Agree"},"sessionId":"5ED97F8B-C83F-4C3C-8083-2DE3602FD2ED","status":0}
[debug] [MJSONWP] Responding to client with driver.findElement() result: {"ELEMENT":"C2677BD7-4F4E-4F33-8001-99325EDCFE3E","type":"XCUIElementTypeButton","label":"Agree"}
[HTTP] <-- POST /wd/hub/session/5c42a436-6959-4412-b00b-76031bb9fe10/element 200 2552 ms - 169 
[HTTP] --> GET /wd/hub/session/5c42a436-6959-4412-b00b-76031bb9fe10/element/C2677BD7-4F4E-4F33-8001-99325EDCFE3E/displayed {}
[MJSONWP] Driver proxy active, passing request on via HTTP proxy
[debug] [XCUITest] Executing command 'proxyReqRes'
[debug] [JSONWP Proxy] Proxying [GET /wd/hub/session/5c42a436-6959-4412-b00b-76031bb9fe10/element/C2677BD7-4F4E-4F33-8001-99325EDCFE3E/displayed] to [GET http://localhost:8102/session/5ED97F8B-C83F-4C3C-8083-2DE3602FD2ED/element/C2677BD7-4F4E-4F33-8001-99325EDCFE3E/displayed] with body: {}
[debug] [JSONWP Proxy] Got response with status 200: "{\n  \"value\" : true,\n  \"sessionId\" : \"5ED97F8B-C83F-4C3C-8083-2DE3602FD2ED\",\n  \"status\" : 0\n}"
[JSONWP Proxy] Replacing sessionId 5ED97F8B-C83F-4C3C-8083-2DE3602FD2ED with 5c42a436-6959-4412-b00b-76031bb9fe10
[HTTP] <-- GET /wd/hub/session/5c42a436-6959-4412-b00b-76031bb9fe10/element/C2677BD7-4F4E-4F33-8001-99325EDCFE3E/displayed 200 1962 ms - 76 
[HTTP] --> POST /wd/hub/session/5c42a436-6959-4412-b00b-76031bb9fe10/element {"using":"accessibility id","value":"Agree"}
[debug] [MJSONWP] Calling AppiumDriver.findElement() with args: ["accessibility id","Agree","5c42a436-6959-4412-b00b-76031bb9fe10"]
[debug] [XCUITest] Executing command 'findElement'
[debug] [BaseDriver] Valid locator strategies for this request: xpath, id, name, class name, -ios predicate string, -ios class chain, accessibility id
[debug] [BaseDriver] Waiting up to 30000 ms for condition
[debug] [JSONWP Proxy] Proxying [POST /element] to [POST http://localhost:8102/session/5ED97F8B-C83F-4C3C-8083-2DE3602FD2ED/element] with body: {"using":"accessibility id","value":"Agree"}
[debug] [JSONWP Proxy] Got response with status 200: {"value":{"ELEMENT":"B6C08F21-1832-466D-9A10-A7E34A942148","type":"XCUIElementTypeButton","label":"Agree"},"sessionId":"5ED97F8B-C83F-4C3C-8083-2DE3602FD2ED","status":0}
[debug] [MJSONWP] Responding to client with driver.findElement() result: {"ELEMENT":"B6C08F21-1832-466D-9A10-A7E34A942148","type":"XCUIElementTypeButton","label":"Agree"}
[HTTP] <-- POST /wd/hub/session/5c42a436-6959-4412-b00b-76031bb9fe10/element 200 1936 ms - 169 
[HTTP] --> GET /wd/hub/session/5c42a436-6959-4412-b00b-76031bb9fe10/element/B6C08F21-1832-466D-9A10-A7E34A942148/displayed {}
[MJSONWP] Driver proxy active, passing request on via HTTP proxy
[debug] [XCUITest] Executing command 'proxyReqRes'
[debug] [JSONWP Proxy] Proxying [GET /wd/hub/session/5c42a436-6959-4412-b00b-76031bb9fe10/element/B6C08F21-1832-466D-9A10-A7E34A942148/displayed] to [GET http://localhost:8102/session/5ED97F8B-C83F-4C3C-8083-2DE3602FD2ED/element/B6C08F21-1832-466D-9A10-A7E34A942148/displayed] with body: {}
[debug] [JSONWP Proxy] Got response with status 200: "{\n  \"value\" : true,\n  \"sessionId\" : \"5ED97F8B-C83F-4C3C-8083-2DE3602FD2ED\",\n  \"status\" : 0\n}"
[JSONWP Proxy] Replacing sessionId 5ED97F8B-C83F-4C3C-8083-2DE3602FD2ED with 5c42a436-6959-4412-b00b-76031bb9fe10
[HTTP] <-- GET /wd/hub/session/5c42a436-6959-4412-b00b-76031bb9fe10/element/B6C08F21-1832-466D-9A10-A7E34A942148/displayed 200 1898 ms - 76 
[HTTP] --> POST /wd/hub/session/5c42a436-6959-4412-b00b-76031bb9fe10/element/B6C08F21-1832-466D-9A10-A7E34A942148/click {"id":"B6C08F21-1832-466D-9A10-A7E34A942148"}
[MJSONWP] Driver proxy active, passing request on via HTTP proxy
[debug] [XCUITest] Executing command 'proxyReqRes'
[debug] [JSONWP Proxy] Proxying [POST /wd/hub/session/5c42a436-6959-4412-b00b-76031bb9fe10/element/B6C08F21-1832-466D-9A10-A7E34A942148/click] to [POST http://localhost:8102/session/5ED97F8B-C83F-4C3C-8083-2DE3602FD2ED/element/B6C08F21-1832-466D-9A10-A7E34A942148/click] with body: {"id":"B6C08F21-1832-466D-9A10-A7E34A942148"}
[debug] [JSONWP Proxy] Got response with status 200: {"status":0,"id":"B6C08F21-1832-466D-9A10-A7E34A942148","value":"","sessionId":"5ED97F8B-C83F-4C3C-8083-2DE3602FD2ED"}
[JSONWP Proxy] Replacing sessionId 5ED97F8B-C83F-4C3C-8083-2DE3602FD2ED with 5c42a436-6959-4412-b00b-76031bb9fe10
[HTTP] <-- POST /wd/hub/session/5c42a436-6959-4412-b00b-76031bb9fe10/element/B6C08F21-1832-466D-9A10-A7E34A942148/click 200 2646 ms - 118 
[HTTP] --> POST /wd/hub/session/5c42a436-6959-4412-b00b-76031bb9fe10/element {"using":"accessibility id","value":"Omkar Brio omkarbrio@gmail.com"}
[debug] [MJSONWP] Calling AppiumDriver.findElement() with args: ["accessibility id","Omkar Brio omkarbrio@gmail.com","5c42a436-6959-4412-b00b-76031bb9fe10"]
[debug] [XCUITest] Executing command 'findElement'
[debug] [BaseDriver] Valid locator strategies for this request: xpath, id, name, class name, -ios predicate string, -ios class chain, accessibility id
[debug] [BaseDriver] Waiting up to 30000 ms for condition
[debug] [JSONWP Proxy] Proxying [POST /element] to [POST http://localhost:8102/session/5ED97F8B-C83F-4C3C-8083-2DE3602FD2ED/element] with body: {"using":"accessibility id","value":"Omkar Brio omkarbrio@gmail.com"}
[debug] [JSONWP Proxy] Got response with status 200: {"value":{"using":"accessibility id","value":"Omkar Brio omkarbrio@gmail.com","description":"unable to find an element"},"sessionId":"5ED97F8B-C83F-4C3C-8083-2DE3602FD2ED","status":7}
[debug] [BaseDriver] Waited for 2048 ms so far
[debug] [JSONWP Proxy] Proxying [POST /element] to [POST http://localhost:8102/session/5ED97F8B-C83F-4C3C-8083-2DE3602FD2ED/element] with body: {"using":"accessibility id","value":"Omkar Brio omkarbrio@gmail.com"}
[debug] [JSONWP Proxy] Got response with status 200: {"value":{"using":"accessibility id","value":"Omkar Brio omkarbrio@gmail.com","description":"unable to find an element"},"sessionId":"5ED97F8B-C83F-4C3C-8083-2DE3602FD2ED","status":7}
[debug] [BaseDriver] Waited for 4730 ms so far
[debug] [JSONWP Proxy] Proxying [POST /element] to [POST http://localhost:8102/session/5ED97F8B-C83F-4C3C-8083-2DE3602FD2ED/element] with body: {"using":"accessibility id","value":"Omkar Brio omkarbrio@gmail.com"}
[debug] [JSONWP Proxy] Got response with status 200: {"value":{"ELEMENT":"A3F17CF7-41C6-43CB-B96B-C6E7C3BD241B","type":"XCUIElementTypeButton","label":"Omkar Brio omkarbrio@gmail.com"},"sessionId":"5ED97F8B-C83F-4C3C-8083-2DE3602FD2ED","status":0}
[debug] [MJSONWP] Responding to client with driver.findElement() result: {"ELEMENT":"A3F17CF7-41C6-43CB-B96B-C6E7C3BD241B","type":"XCUIElementTypeButton","label":"Omkar Brio omkarbrio@gmail.com"}
[HTTP] <-- POST /wd/hub/session/5c42a436-6959-4412-b00b-76031bb9fe10/element 200 8265 ms - 194 
[HTTP] --> GET /wd/hub/session/5c42a436-6959-4412-b00b-76031bb9fe10/element/A3F17CF7-41C6-43CB-B96B-C6E7C3BD241B/displayed {}
[MJSONWP] Driver proxy active, passing request on via HTTP proxy
[debug] [XCUITest] Executing command 'proxyReqRes'
[debug] [JSONWP Proxy] Proxying [GET /wd/hub/session/5c42a436-6959-4412-b00b-76031bb9fe10/element/A3F17CF7-41C6-43CB-B96B-C6E7C3BD241B/displayed] to [GET http://localhost:8102/session/5ED97F8B-C83F-4C3C-8083-2DE3602FD2ED/element/A3F17CF7-41C6-43CB-B96B-C6E7C3BD241B/displayed] with body: {}
[debug] [JSONWP Proxy] Got response with status 200: "{\n  \"value\" : true,\n  \"sessionId\" : \"5ED97F8B-C83F-4C3C-8083-2DE3602FD2ED\",\n  \"status\" : 0\n}"
[JSONWP Proxy] Replacing sessionId 5ED97F8B-C83F-4C3C-8083-2DE3602FD2ED with 5c42a436-6959-4412-b00b-76031bb9fe10
[HTTP] <-- GET /wd/hub/session/5c42a436-6959-4412-b00b-76031bb9fe10/element/A3F17CF7-41C6-43CB-B96B-C6E7C3BD241B/displayed 200 2776 ms - 76 
[HTTP] --> POST /wd/hub/session/5c42a436-6959-4412-b00b-76031bb9fe10/element {"using":"accessibility id","value":"Omkar Brio omkarbrio@gmail.com"}
[debug] [MJSONWP] Calling AppiumDriver.findElement() with args: ["accessibility id","Omkar Brio omkarbrio@gmail.com","5c42a436-6959-4412-b00b-76031bb9fe10"]
[debug] [XCUITest] Executing command 'findElement'
[debug] [BaseDriver] Valid locator strategies for this request: xpath, id, name, class name, -ios predicate string, -ios class chain, accessibility id
[debug] [BaseDriver] Waiting up to 30000 ms for condition
[debug] [JSONWP Proxy] Proxying [POST /element] to [POST http://localhost:8102/session/5ED97F8B-C83F-4C3C-8083-2DE3602FD2ED/element] with body: {"using":"accessibility id","value":"Omkar Brio omkarbrio@gmail.com"}
[debug] [JSONWP Proxy] Got response with status 200: {"value":{"ELEMENT":"5941B1B9-269A-46E2-A5D6-E2FC4B89EB2A","type":"XCUIElementTypeButton","label":"Omkar Brio omkarbrio@gmail.com"},"sessionId":"5ED97F8B-C83F-4C3C-8083-2DE3602FD2ED","status":0}
[debug] [MJSONWP] Responding to client with driver.findElement() result: {"ELEMENT":"5941B1B9-269A-46E2-A5D6-E2FC4B89EB2A","type":"XCUIElementTypeButton","label":"Omkar Brio omkarbrio@gmail.com"}
[HTTP] <-- POST /wd/hub/session/5c42a436-6959-4412-b00b-76031bb9fe10/element 200 2740 ms - 194 
[HTTP] --> GET /wd/hub/session/5c42a436-6959-4412-b00b-76031bb9fe10/element/5941B1B9-269A-46E2-A5D6-E2FC4B89EB2A/displayed {}
[MJSONWP] Driver proxy active, passing request on via HTTP proxy
[debug] [XCUITest] Executing command 'proxyReqRes'
[debug] [JSONWP Proxy] Proxying [GET /wd/hub/session/5c42a436-6959-4412-b00b-76031bb9fe10/element/5941B1B9-269A-46E2-A5D6-E2FC4B89EB2A/displayed] to [GET http://localhost:8102/session/5ED97F8B-C83F-4C3C-8083-2DE3602FD2ED/element/5941B1B9-269A-46E2-A5D6-E2FC4B89EB2A/displayed] with body: {}
[debug] [JSONWP Proxy] Got response with status 200: "{\n  \"value\" : true,\n  \"sessionId\" : \"5ED97F8B-C83F-4C3C-8083-2DE3602FD2ED\",\n  \"status\" : 0\n}"
[JSONWP Proxy] Replacing sessionId 5ED97F8B-C83F-4C3C-8083-2DE3602FD2ED with 5c42a436-6959-4412-b00b-76031bb9fe10
[HTTP] <-- GET /wd/hub/session/5c42a436-6959-4412-b00b-76031bb9fe10/element/5941B1B9-269A-46E2-A5D6-E2FC4B89EB2A/displayed 200 2716 ms - 76 
[HTTP] --> POST /wd/hub/session/5c42a436-6959-4412-b00b-76031bb9fe10/element/5941B1B9-269A-46E2-A5D6-E2FC4B89EB2A/click {"id":"5941B1B9-269A-46E2-A5D6-E2FC4B89EB2A"}
[MJSONWP] Driver proxy active, passing request on via HTTP proxy
[debug] [XCUITest] Executing command 'proxyReqRes'
[debug] [JSONWP Proxy] Proxying [POST /wd/hub/session/5c42a436-6959-4412-b00b-76031bb9fe10/element/5941B1B9-269A-46E2-A5D6-E2FC4B89EB2A/click] to [POST http://localhost:8102/session/5ED97F8B-C83F-4C3C-8083-2DE3602FD2ED/element/5941B1B9-269A-46E2-A5D6-E2FC4B89EB2A/click] with body: {"id":"5941B1B9-269A-46E2-A5D6-E2FC4B89EB2A"}
[debug] [JSONWP Proxy] Got response with status 200: {"status":0,"id":"5941B1B9-269A-46E2-A5D6-E2FC4B89EB2A","value":"","sessionId":"5ED97F8B-C83F-4C3C-8083-2DE3602FD2ED"}
[JSONWP Proxy] Replacing sessionId 5ED97F8B-C83F-4C3C-8083-2DE3602FD2ED with 5c42a436-6959-4412-b00b-76031bb9fe10
[HTTP] <-- POST /wd/hub/session/5c42a436-6959-4412-b00b-76031bb9fe10/element/5941B1B9-269A-46E2-A5D6-E2FC4B89EB2A/click 200 4267 ms - 118 
[HTTP] --> POST /wd/hub/session/5c42a436-6959-4412-b00b-76031bb9fe10/element {"using":"accessibility id","value":"I Look Fabulous"}
[debug] [MJSONWP] Calling AppiumDriver.findElement() with args: ["accessibility id","I Look Fabulous","5c42a436-6959-4412-b00b-76031bb9fe10"]
[debug] [XCUITest] Executing command 'findElement'
[debug] [BaseDriver] Valid locator strategies for this request: xpath, id, name, class name, -ios predicate string, -ios class chain, accessibility id
[debug] [BaseDriver] Waiting up to 30000 ms for condition
[debug] [JSONWP Proxy] Proxying [POST /element] to [POST http://localhost:8102/session/5ED97F8B-C83F-4C3C-8083-2DE3602FD2ED/element] with body: {"using":"accessibility id","value":"I Look Fabulous"}
[debug] [JSONWP Proxy] Got response with status 200: {"value":{"using":"accessibility id","value":"I Look Fabulous","description":"unable to find an element"},"sessionId":"5ED97F8B-C83F-4C3C-8083-2DE3602FD2ED","status":7}
[debug] [BaseDriver] Waited for 2522 ms so far
[debug] [JSONWP Proxy] Proxying [POST /element] to [POST http://localhost:8102/session/5ED97F8B-C83F-4C3C-8083-2DE3602FD2ED/element] with body: {"using":"accessibility id","value":"I Look Fabulous"}
[debug] [JSONWP Proxy] Got response with status 200: {"value":{"using":"accessibility id","value":"I Look Fabulous","description":"unable to find an element"},"sessionId":"5ED97F8B-C83F-4C3C-8083-2DE3602FD2ED","status":7}
[debug] [BaseDriver] Waited for 4896 ms so far
[debug] [JSONWP Proxy] Proxying [POST /element] to [POST http://localhost:8102/session/5ED97F8B-C83F-4C3C-8083-2DE3602FD2ED/element] with body: {"using":"accessibility id","value":"I Look Fabulous"}
[debug] [JSONWP Proxy] Got response with status 200: {"value":{"ELEMENT":"50C4F9CA-3AB2-49E5-90A7-633E1AD0E20E","type":"XCUIElementTypeButton","label":"I Look Fabulous"},"sessionId":"5ED97F8B-C83F-4C3C-8083-2DE3602FD2ED","status":0}
[debug] [MJSONWP] Responding to client with driver.findElement() result: {"ELEMENT":"50C4F9CA-3AB2-49E5-90A7-633E1AD0E20E","type":"XCUIElementTypeButton","label":"I Look Fabulous"}
[HTTP] <-- POST /wd/hub/session/5c42a436-6959-4412-b00b-76031bb9fe10/element 200 7330 ms - 179 
[HTTP] --> GET /wd/hub/session/5c42a436-6959-4412-b00b-76031bb9fe10/element/50C4F9CA-3AB2-49E5-90A7-633E1AD0E20E/displayed {}
[MJSONWP] Driver proxy active, passing request on via HTTP proxy
[debug] [XCUITest] Executing command 'proxyReqRes'
[debug] [JSONWP Proxy] Proxying [GET /wd/hub/session/5c42a436-6959-4412-b00b-76031bb9fe10/element/50C4F9CA-3AB2-49E5-90A7-633E1AD0E20E/displayed] to [GET http://localhost:8102/session/5ED97F8B-C83F-4C3C-8083-2DE3602FD2ED/element/50C4F9CA-3AB2-49E5-90A7-633E1AD0E20E/displayed] with body: {}
[debug] [JSONWP Proxy] Got response with status 200: "{\n  \"value\" : true,\n  \"sessionId\" : \"5ED97F8B-C83F-4C3C-8083-2DE3602FD2ED\",\n  \"status\" : 0\n}"
[JSONWP Proxy] Replacing sessionId 5ED97F8B-C83F-4C3C-8083-2DE3602FD2ED with 5c42a436-6959-4412-b00b-76031bb9fe10
[HTTP] <-- GET /wd/hub/session/5c42a436-6959-4412-b00b-76031bb9fe10/element/50C4F9CA-3AB2-49E5-90A7-633E1AD0E20E/displayed 200 1845 ms - 76 
[HTTP] --> POST /wd/hub/session/5c42a436-6959-4412-b00b-76031bb9fe10/element {"using":"accessibility id","value":"I Look Fabulous"}
[debug] [MJSONWP] Calling AppiumDriver.findElement() with args: ["accessibility id","I Look Fabulous","5c42a436-6959-4412-b00b-76031bb9fe10"]
[debug] [XCUITest] Executing command 'findElement'
[debug] [BaseDriver] Valid locator strategies for this request: xpath, id, name, class name, -ios predicate string, -ios class chain, accessibility id
[debug] [BaseDriver] Waiting up to 30000 ms for condition
[debug] [JSONWP Proxy] Proxying [POST /element] to [POST http://localhost:8102/session/5ED97F8B-C83F-4C3C-8083-2DE3602FD2ED/element] with body: {"using":"accessibility id","value":"I Look Fabulous"}
[debug] [JSONWP Proxy] Got response with status 200: {"value":{"ELEMENT":"3F69A977-9F6D-476E-8333-453CAA5A4C74","type":"XCUIElementTypeButton","label":"I Look Fabulous"},"sessionId":"5ED97F8B-C83F-4C3C-8083-2DE3602FD2ED","status":0}
[debug] [MJSONWP] Responding to client with driver.findElement() result: {"ELEMENT":"3F69A977-9F6D-476E-8333-453CAA5A4C74","type":"XCUIElementTypeButton","label":"I Look Fabulous"}
[HTTP] <-- POST /wd/hub/session/5c42a436-6959-4412-b00b-76031bb9fe10/element 200 1857 ms - 179 
[HTTP] --> GET /wd/hub/session/5c42a436-6959-4412-b00b-76031bb9fe10/element/3F69A977-9F6D-476E-8333-453CAA5A4C74/displayed {}
[MJSONWP] Driver proxy active, passing request on via HTTP proxy
[debug] [XCUITest] Executing command 'proxyReqRes'
[debug] [JSONWP Proxy] Proxying [GET /wd/hub/session/5c42a436-6959-4412-b00b-76031bb9fe10/element/3F69A977-9F6D-476E-8333-453CAA5A4C74/displayed] to [GET http://localhost:8102/session/5ED97F8B-C83F-4C3C-8083-2DE3602FD2ED/element/3F69A977-9F6D-476E-8333-453CAA5A4C74/displayed] with body: {}
[debug] [JSONWP Proxy] Got response with status 200: "{\n  \"value\" : true,\n  \"sessionId\" : \"5ED97F8B-C83F-4C3C-8083-2DE3602FD2ED\",\n  \"status\" : 0\n}"
[JSONWP Proxy] Replacing sessionId 5ED97F8B-C83F-4C3C-8083-2DE3602FD2ED with 5c42a436-6959-4412-b00b-76031bb9fe10
[HTTP] <-- GET /wd/hub/session/5c42a436-6959-4412-b00b-76031bb9fe10/element/3F69A977-9F6D-476E-8333-453CAA5A4C74/displayed 200 1835 ms - 76 
[HTTP] --> POST /wd/hub/session/5c42a436-6959-4412-b00b-76031bb9fe10/element/3F69A977-9F6D-476E-8333-453CAA5A4C74/click {"id":"3F69A977-9F6D-476E-8333-453CAA5A4C74"}
[MJSONWP] Driver proxy active, passing request on via HTTP proxy
[debug] [XCUITest] Executing command 'proxyReqRes'
[debug] [JSONWP Proxy] Proxying [POST /wd/hub/session/5c42a436-6959-4412-b00b-76031bb9fe10/element/3F69A977-9F6D-476E-8333-453CAA5A4C74/click] to [POST http://localhost:8102/session/5ED97F8B-C83F-4C3C-8083-2DE3602FD2ED/element/3F69A977-9F6D-476E-8333-453CAA5A4C74/click] with body: {"id":"3F69A977-9F6D-476E-8333-453CAA5A4C74"}
[debug] [JSONWP Proxy] Got response with status 200: {"status":0,"id":"3F69A977-9F6D-476E-8333-453CAA5A4C74","value":"","sessionId":"5ED97F8B-C83F-4C3C-8083-2DE3602FD2ED"}
[JSONWP Proxy] Replacing sessionId 5ED97F8B-C83F-4C3C-8083-2DE3602FD2ED with 5c42a436-6959-4412-b00b-76031bb9fe10
[HTTP] <-- POST /wd/hub/session/5c42a436-6959-4412-b00b-76031bb9fe10/element/3F69A977-9F6D-476E-8333-453CAA5A4C74/click 200 2537 ms - 118 
[HTTP] --> GET /wd/hub/session/5c42a436-6959-4412-b00b-76031bb9fe10/window/current/size {}
[debug] [MJSONWP] Calling AppiumDriver.getWindowSize() with args: ["current","5c42a436-6959-4412-b00b-76031bb9fe10"]
[debug] [XCUITest] Executing command 'getWindowSize'
[debug] [JSONWP Proxy] Proxying [GET /window/size] to [GET http://localhost:8102/session/5ED97F8B-C83F-4C3C-8083-2DE3602FD2ED/window/size] with no body
[debug] [JSONWP Proxy] Got response with status 200: "{\n  \"value\" : {\n    \"width\" : 414,\n    \"height\" : 736\n  },\n  \"sessionId\" : \"5ED97F8B-C83F-4C3C-8083-2DE3602FD2ED\",\n  \"status\" : 0\n}"
[debug] [MJSONWP] Responding to client with driver.getWindowSize() result: {"width":414,"height":736}
[HTTP] <-- GET /wd/hub/session/5c42a436-6959-4412-b00b-76031bb9fe10/window/current/size 200 533 ms - 98 
[HTTP] --> POST /wd/hub/session/5c42a436-6959-4412-b00b-76031bb9fe10/touch/perform {"actions":[{"action":"press","options":{"x":200,"y":515}},{"action":"wait","options":{"ms":1000}},{"action":"moveTo","options":{"x":0,"y":-368}},{"action":"release","options":{}}]}
[debug] [MJSONWP] Calling AppiumDriver.performTouch() with args: [[{"action":"press","options":{"x":200,"y":515}},{"action":"wait","options":{"ms":1000}},{"action":"moveTo","options":{"x":0,"y":-368}},{"action":"release","options":{}}],"5c42a436-6959-4412-b00b-76031bb9fe10"]
[debug] [XCUITest] Executing command 'performTouch'
[debug] [XCUITest] Received the following touch action: press(options={"x":200,"y":515})-wait(options={"ms":1000})-moveTo(options={"x":0,"y":-368})-release(options={})
[debug] [XCUITest] Found matching gesture: drag
[debug] [JSONWP Proxy] Proxying [POST /wda/dragfromtoforduration] to [POST http://localhost:8102/session/5ED97F8B-C83F-4C3C-8083-2DE3602FD2ED/wda/dragfromtoforduration] with body: {"fromX":200,"fromY":515,"toX":200,"toY":147,"duration":1}
[debug] [JSONWP Proxy] Got response with status 200: {"value":{},"sessionId":"5ED97F8B-C83F-4C3C-8083-2DE3602FD2ED","status":0}
[debug] [MJSONWP] Responding to client with driver.performTouch() result: null
[HTTP] <-- POST /wd/hub/session/5c42a436-6959-4412-b00b-76031bb9fe10/touch/perform 200 5735 ms - 76 
[HTTP] --> POST /wd/hub/session/5c42a436-6959-4412-b00b-76031bb9fe10/element {"using":"accessibility id","value":"Search Again"}
[debug] [MJSONWP] Calling AppiumDriver.findElement() with args: ["accessibility id","Search Again","5c42a436-6959-4412-b00b-76031bb9fe10"]
[debug] [XCUITest] Executing command 'findElement'
[debug] [BaseDriver] Valid locator strategies for this request: xpath, id, name, class name, -ios predicate string, -ios class chain, accessibility id
[debug] [BaseDriver] Waiting up to 30000 ms for condition
[debug] [JSONWP Proxy] Proxying [POST /element] to [POST http://localhost:8102/session/5ED97F8B-C83F-4C3C-8083-2DE3602FD2ED/element] with body: {"using":"accessibility id","value":"Search Again"}
[debug] [JSONWP Proxy] Got response with status 200: {"value":{"using":"accessibility id","value":"Search Again","description":"unable to find an element"},"sessionId":"5ED97F8B-C83F-4C3C-8083-2DE3602FD2ED","status":7}
[debug] [BaseDriver] Waited for 1953 ms so far
[debug] [JSONWP Proxy] Proxying [POST /element] to [POST http://localhost:8102/session/5ED97F8B-C83F-4C3C-8083-2DE3602FD2ED/element] with body: {"using":"accessibility id","value":"Search Again"}
[debug] [JSONWP Proxy] Got response with status 200: {"value":{"using":"accessibility id","value":"Search Again","description":"unable to find an element"},"sessionId":"5ED97F8B-C83F-4C3C-8083-2DE3602FD2ED","status":7}
[debug] [BaseDriver] Waited for 4364 ms so far
[debug] [JSONWP Proxy] Proxying [POST /element] to [POST http://localhost:8102/session/5ED97F8B-C83F-4C3C-8083-2DE3602FD2ED/element] with body: {"using":"accessibility id","value":"Search Again"}
[debug] [JSONWP Proxy] Got response with status 200: {"value":{"using":"accessibility id","value":"Search Again","description":"unable to find an element"},"sessionId":"5ED97F8B-C83F-4C3C-8083-2DE3602FD2ED","status":7}
[debug] [BaseDriver] Waited for 6800 ms so far
[debug] [JSONWP Proxy] Proxying [POST /element] to [POST http://localhost:8102/session/5ED97F8B-C83F-4C3C-8083-2DE3602FD2ED/element] with body: {"using":"accessibility id","value":"Search Again"}
[debug] [JSONWP Proxy] Got response with status 200: {"value":{"ELEMENT":"BB359718-D447-4599-A66F-20FA4994BCCC","type":"XCUIElementTypeButton","label":"Search Again"},"sessionId":"5ED97F8B-C83F-4C3C-8083-2DE3602FD2ED","status":0}
[debug] [MJSONWP] Responding to client with driver.findElement() result: {"ELEMENT":"BB359718-D447-4599-A66F-20FA4994BCCC","type":"XCUIElementTypeButton","label":"Search Again"}
[HTTP] <-- POST /wd/hub/session/5c42a436-6959-4412-b00b-76031bb9fe10/element 200 9478 ms - 176 
[HTTP] --> GET /wd/hub/session/5c42a436-6959-4412-b00b-76031bb9fe10/element/BB359718-D447-4599-A66F-20FA4994BCCC/displayed {}
[MJSONWP] Driver proxy active, passing request on via HTTP proxy
[debug] [XCUITest] Executing command 'proxyReqRes'
[debug] [JSONWP Proxy] Proxying [GET /wd/hub/session/5c42a436-6959-4412-b00b-76031bb9fe10/element/BB359718-D447-4599-A66F-20FA4994BCCC/displayed] to [GET http://localhost:8102/session/5ED97F8B-C83F-4C3C-8083-2DE3602FD2ED/element/BB359718-D447-4599-A66F-20FA4994BCCC/displayed] with body: {}
[debug] [JSONWP Proxy] Got response with status 200: "{\n  \"value\" : false,\n  \"sessionId\" : \"5ED97F8B-C83F-4C3C-8083-2DE3602FD2ED\",\n  \"status\" : 0\n}"
[JSONWP Proxy] Replacing sessionId 5ED97F8B-C83F-4C3C-8083-2DE3602FD2ED with 5c42a436-6959-4412-b00b-76031bb9fe10
[HTTP] <-- GET /wd/hub/session/5c42a436-6959-4412-b00b-76031bb9fe10/element/BB359718-D447-4599-A66F-20FA4994BCCC/displayed 200 1943 ms - 77 
[HTTP] --> DELETE /wd/hub/session/5c42a436-6959-4412-b00b-76031bb9fe10 {}
[debug] [MJSONWP] Calling AppiumDriver.deleteSession() with args: ["5c42a436-6959-4412-b00b-76031bb9fe10"]
[debug] [BaseDriver] Event 'quitSessionRequested' logged at 1499236249684 (12:00:49 GMT+0530 (IST))
[debug] [JSONWP Proxy] Proxying [DELETE /session/5c42a436-6959-4412-b00b-76031bb9fe10] to [DELETE http://localhost:8102/session/5ED97F8B-C83F-4C3C-8083-2DE3602FD2ED] with no body
[debug] [JSONWP Proxy] Got response with status 200: "{\n  \"value\" : {\n\n  },\n  \"sessionId\" : \"A8D0AFC6-2D39-429F-BDDC-1291C5629600\",\n  \"status\" : 0\n}"
[XCUITest] Shutting down sub-processes
[XCUITest] Shutting down xcodebuild process (pid 1216)
[XCUITest] xcodebuild exited with code 'null' and signal 'SIGTERM'
[XCUITest] Shutting down iproxy process (pid 1215)
[debug] [XCUITest] iproxy exited with code 'null'
[debug] [XCUITest] Found WDA derived data folder: '/Users/user/Library/Developer/Xcode/DerivedData/WebDriverAgent-brdadhpuduowllgivnnvuygpwhzy'
[XCUITest] Setting '755' permissions to '/Users/user/Library/Developer/Xcode/DerivedData/WebDriverAgent-brdadhpuduowllgivnnvuygpwhzy/Logs/Test/Attachments' folder
[debug] [XCUITest] Found WDA derived data folder: '/Users/user/Library/Developer/Xcode/DerivedData/WebDriverAgent-dikkwtrisltbeobjmfvpthwwekvs'
[XCUITest] Setting '755' permissions to '/Users/user/Library/Developer/Xcode/DerivedData/WebDriverAgent-dikkwtrisltbeobjmfvpthwwekvs/Logs/Test/Attachments' folder
[debug] [XCUITest] Not clearing log files. Use `clearSystemFiles` capability to turn on.
[debug] [iOSLog] Stopping iOS log capture
[Appium] Removing session 5c42a436-6959-4412-b00b-76031bb9fe10 from our master session list
[debug] [BaseDriver] Event 'quitSessionFinished' logged at 1499236250526 (12:00:50 GMT+0530 (IST))
[debug] [MJSONWP] Received response: null
[debug] [MJSONWP] But deleting session, so not returning
[debug] [MJSONWP] Responding to client with driver.deleteSession() result: null
[HTTP] <-- DELETE /wd/hub/session/5c42a436-6959-4412-b00b-76031bb9fe10 200 846 ms - 76 
[Appium] Received SIGTERM - shutting down
